SF:lib/models/favorites.dart
DA:11,6
DA:13,3
DA:14,6
DA:15,3
DA:18,3
DA:19,6
DA:20,3
LF:7
LH:7
end_of_record
SF:lib/screens/favorites.dart
DA:12,1
DA:14,1
DA:16,1
DA:17,1
DA:20,1
DA:21,3
DA:22,1
DA:23,2
DA:25,1
DA:26,3
DA:39,2
DA:41,1
DA:43,1
DA:45,1
DA:46,1
DA:47,4
DA:49,1
DA:50,2
DA:51,3
DA:53,1
DA:54,3
DA:56,1
DA:57,3
DA:58,2
LF:24
LH:24
end_of_record
SF:lib/screens/home.dart
DA:13,1
DA:15,1
DA:17,1
DA:18,1
DA:20,1
DA:21,1
DA:22,1
DA:23,0
DA:24,0
DA:31,1
DA:34,1
DA:36,2
DA:45,2
DA:47,1
DA:49,1
DA:51,1
DA:53,1
DA:54,1
DA:55,4
DA:57,1
DA:58,2
DA:59,3
DA:61,1
DA:62,3
DA:63,3
DA:66,1
DA:67,3
DA:68,2
DA:69,2
DA:70,2
DA:71,1
DA:72,4
LF:32
LH:30
end_of_record
